ERROR:vkbottle:
Traceback (most recent call last):
  File "/home/kinder/.local/lib/python3.8/site-packages/vkbottle/dispatch/bot_router.py", line 20, in route
    await view.handle_event(event, ctx_api, self.state_dispenser)
  File "/home/kinder/.local/lib/python3.8/site-packages/vkbottle/dispatch/views/bot/message.py", line 60, in handle_event
    handler_response = await handler.handle(message, **context_variables)
  File "/home/kinder/.local/lib/python3.8/site-packages/vkbottle/dispatch/handlers/from_func_handler.py", line 26, in handle
    return await self.handler(event, **context)
  File "/home/kinder/IdeaProjects/ChubakaBOT/bot.py", line 787, in equation_handler
    await message.answer(f"@id{message.from_id} ({info.first_name}), {eval(equation)}")
  File "<string>", line 1, in <module>
NameError: name 'выа' is not defined

ERROR:vkbottle:
Traceback (most recent call last):
  File "/home/kinder/.local/lib/python3.8/site-packages/vkbottle/dispatch/bot_router.py", line 20, in route
    await view.handle_event(event, ctx_api, self.state_dispenser)
  File "/home/kinder/.local/lib/python3.8/site-packages/vkbottle/dispatch/views/bot/message.py", line 60, in handle_event
    handler_response = await handler.handle(message, **context_variables)
  File "/home/kinder/.local/lib/python3.8/site-packages/vkbottle/dispatch/handlers/from_func_handler.py", line 26, in handle
    return await self.handler(event, **context)
  File "/home/kinder/IdeaProjects/ChubakaBOT/bot.py", line 805, in course_handler
    await message.answer(f'@id{message.from_id} ({info.first_name}), курс валют на данный момент:'
  File "/home/kinder/IdeaProjects/ChubakaBOT/data/general.py", line 4, in change_number
    return format(text, ',d')
ValueError: Unknown format code 'd' for object of type 'str'

ERROR:vkbottle:
Traceback (most recent call last):
  File "/home/kinder/.local/lib/python3.8/site-packages/vkbottle/dispatch/bot_router.py", line 20, in route
    await view.handle_event(event, ctx_api, self.state_dispenser)
  File "/home/kinder/.local/lib/python3.8/site-packages/vkbottle/dispatch/views/bot/message.py", line 60, in handle_event
    handler_response = await handler.handle(message, **context_variables)
  File "/home/kinder/.local/lib/python3.8/site-packages/vkbottle/dispatch/handlers/from_func_handler.py", line 26, in handle
    return await self.handler(event, **context)
  File "/home/kinder/IdeaProjects/ChubakaBOT/bot.py", line 805, in course_handler
    await message.answer(f'@id{message.from_id} ({info.first_name}), курс валют на данный момент:'
TypeError: type str doesn't define __trunc__ method

